<?xml version="1.0" encoding="UTF-8"?>
<!-- Generated by org.testng.reporters.JUnitReportReporter -->
<testsuite hostname="PC" failures="0" tests="1" name="TestClassPackage1.Post_TC_2" time="1.407" errors="0" timestamp="2023-05-26T13:53:49 IST" skipped="0">
  <testcase classname="TestClassPackage1.Post_TC_2" name="execute" time="1.407"/>
  <system-out/>
</testsuite> <!-- TestClassPackage1.Post_TC_2 -->
