<?xml version="1.0" encoding="UTF-8"?>
<!-- Generated by org.testng.reporters.JUnitReportReporter -->
<testsuite hostname="PC" failures="0" tests="1" name="TestClassPackage1.Post_TC_1" time="3.934" errors="0" timestamp="2023-05-26T13:53:49 IST" skipped="0">
  <testcase classname="TestClassPackage1.Post_TC_1" name="execute" time="3.934"/>
  <system-out/>
</testsuite> <!-- TestClassPackage1.Post_TC_1 -->
